0 info it worked if it ends with ok
1 verbose cli [ 'C:\\Program Files\\nodejs\\node.exe',
1 verbose cli   'C:\\Users\\wanee\\AppData\\Roaming\\npm\\node_modules\\npm\\bin\\npm-cli.js',
1 verbose cli   'run',
1 verbose cli   'watch' ]
2 info using npm@3.8.7
3 info using node@v4.4.3
4 verbose run-script [ 'prewatch', 'watch', 'postwatch' ]
5 info lifecycle plusalpha@1.0.0~prewatch: plusalpha@1.0.0
6 silly lifecycle plusalpha@1.0.0~prewatch: no script for prewatch, continuing
7 info lifecycle plusalpha@1.0.0~watch: plusalpha@1.0.0
8 verbose lifecycle plusalpha@1.0.0~watch: unsafe-perm in lifecycle true
9 verbose lifecycle plusalpha@1.0.0~watch: PATH: C:\Users\wanee\AppData\Roaming\npm\node_modules\npm\bin\node-gyp-bin;C:\xampp\htdocs\PlusAlpha\node_modules\.bin;C:\Program Files\nodejs;C:\Users\wanee\AppData\Roaming\npm\node_modules\npm\bin\node-gyp-bin;C:\xampp\htdocs\PlusAlpha\node_modules\.bin;C:\Program Files\nodejs;C:\ProgramData\Oracle\Java\javapath;C:\Program Files (x86)\NVIDIA Corporation\PhysX\Common;C:\WINDOWS\system32;C:\WINDOWS;C:\WINDOWS\System32\Wbem;C:\WINDOWS\System32\WindowsPowerShell\v1.0\;C:\Program Files (x86)\Skype\Phone\;C:\Program Files (x86)\PharosSystems\Core;C:\Users\wanee\.dnx\bin;C:\Program Files\Microsoft DNX\Dnvm\;C:\Program Files\Microsoft\Web Platform Installer\;C:\Program Files\Java\jdk1.8.0_73\bin;C:\Program Files\Git\cmd;C:\Program Files\nodejs\;C:\Users\wanee\AppData\Local\atom\bin;C:\Users\wanee\AppData\Roaming\npm
10 verbose lifecycle plusalpha@1.0.0~watch: CWD: C:\xampp\htdocs\PlusAlpha
11 silly lifecycle plusalpha@1.0.0~watch: Args: [ '/d /s /c', 'webpack -d --watch' ]
12 silly lifecycle plusalpha@1.0.0~watch: Returned: code: 4294967295  signal: null
13 info lifecycle plusalpha@1.0.0~watch: Failed to exec watch script
14 verbose stack Error: plusalpha@1.0.0 watch: `webpack -d --watch`
14 verbose stack Exit status 4294967295
14 verbose stack     at EventEmitter.<anonymous> (C:\Users\wanee\AppData\Roaming\npm\node_modules\npm\lib\utils\lifecycle.js:244:16)
14 verbose stack     at emitTwo (events.js:87:13)
14 verbose stack     at EventEmitter.emit (events.js:172:7)
14 verbose stack     at ChildProcess.<anonymous> (C:\Users\wanee\AppData\Roaming\npm\node_modules\npm\lib\utils\spawn.js:24:14)
14 verbose stack     at emitTwo (events.js:87:13)
14 verbose stack     at ChildProcess.emit (events.js:172:7)
14 verbose stack     at maybeClose (internal/child_process.js:827:16)
14 verbose stack     at Process.ChildProcess._handle.onexit (internal/child_process.js:211:5)
15 verbose pkgid plusalpha@1.0.0
16 verbose cwd C:\xampp\htdocs\PlusAlpha
17 error Windows_NT 10.0.10586
18 error argv "C:\\Program Files\\nodejs\\node.exe" "C:\\Users\\wanee\\AppData\\Roaming\\npm\\node_modules\\npm\\bin\\npm-cli.js" "run" "watch"
19 error node v4.4.3
20 error npm  v3.8.7
21 error code ELIFECYCLE
22 error plusalpha@1.0.0 watch: `webpack -d --watch`
22 error Exit status 4294967295
23 error Failed at the plusalpha@1.0.0 watch script 'webpack -d --watch'.
23 error Make sure you have the latest version of node.js and npm installed.
23 error If you do, this is most likely a problem with the plusalpha package,
23 error not with npm itself.
23 error Tell the author that this fails on your system:
23 error     webpack -d --watch
23 error You can get information on how to open an issue for this project with:
23 error     npm bugs plusalpha
23 error Or if that isn't available, you can get their info via:
23 error     npm owner ls plusalpha
23 error There is likely additional logging output above.
24 verbose exit [ 1, true ]
